<?xml version="1.0" encoding="UTF-8"?>
<!-- Generated by org.testng.reporters.JUnitXMLReporter -->
<testsuite ignored="0" hostname="DESKTOP-KEFG07B" failures="1" tests="7" name="ALlTestCasesPom" time="96.1" errors="0" timestamp="2023-09-14T11:26:31 IST">
  <testcase classname="com.tms.testng_pom.SMOKE_PACKAGE_09_Test" name="smokePageTest" time="10.006"/>
  <testcase classname="com.tms.testng_pom.TMS_AdminModule_SmokeT_003_Test" name="adminSmokeTest" time="7.484"/>
  <testcase classname="com.tms.testng_pom.IT_Enquiry_03_Test" name="itEnquiryTest" time="15.423"/>
  <testcase classname="com.tms.testng_pom.Manage_Bookings_2_Test" name="manageBookingsTest" time="14.177"/>
  <testcase classname="com.tms.testng_pom.TMS_AdminModel_ST_001_Test" name="adminSTtest" time="33.049"/>
  <testcase classname="com.tms.testng_pom.ST_03_Test" name="stTest" time="0.0">
    <failure type="org.testng.TestNGException" message="
Cannot inject @Test annotated Method [stTest] with [class [Ljava.lang.String;].
For more information on native dependency injection please refer to https://testng.org/doc/documentation-main.html#native-dependency-injection">
      <![CDATA[org.testng.TestNGException: 
Cannot inject @Test annotated Method [stTest] with [class [Ljava.lang.String;].
For more information on native dependency injection please refer to https://testng.org/doc/documentation-main.html#native-dependency-injection
at java.base/java.util.ArrayList.forEach(ArrayList.java:1511)
... Removed 26 stack frames]]>
    </failure>
  </testcase> <!-- stTest -->
  <testcase classname="com.tms.testng_pom.TMS_AdminModel_ST_006_Test" name="adminST06Test" time="15.873"/>
</testsuite> <!-- ALlTestCasesPom -->
