<?xml version="1.0" encoding="UTF-8"?>
<!-- Generated by org.testng.reporters.JUnitXMLReporter -->
<testsuite ignored="4" hostname="DESKTOP-KEFG07B" failures="0" tests="7" name="Test3" time="5.457" errors="0" timestamp="2023-09-21T16:19:55 IST">
  <testcase classname="xmltestngpractice.BookTourPackageModel" name="bookTourPackage" time="0.0">
    <skipped/>
  </testcase> <!-- bookTourPackage -->
  <testcase classname="xmltestngpractice.BookTourPackageModel" name="cancelTourPackage" time="0.001">
    <skipped/>
  </testcase> <!-- cancelTourPackage -->
  <testcase classname="xmltestngpractice.RaiseIssueModel" name="raiseIssue" time="0.0">
    <skipped/>
  </testcase> <!-- raiseIssue -->
  <testcase classname="xmltestngpractice.RaiseIssueModel" name="resolveIssue" time="0.0">
    <skipped/>
  </testcase> <!-- resolveIssue -->
  <testcase classname="xmltestngpractice.TourPackageModel" name="createTourPackage" time="0.0">
    <skipped/>
  </testcase> <!-- createTourPackage -->
  <testcase classname="xmltestngpractice.TourPackageModel" name="deleteTourPackage" time="0.0">
    <skipped/>
  </testcase> <!-- deleteTourPackage -->
  <testcase classname="xmltestngpractice.TourPackageModel" name="modifyTourPackage" time="0.0">
    <skipped/>
  </testcase> <!-- modifyTourPackage -->
  <testcase classname="com.tms.genericutils.DemoBaseClass" name="@BeforeSuite configBS" time="0.0">
    <ignored/>
  </testcase> <!-- @BeforeSuite configBS -->
  <testcase classname="com.tms.genericutils.DemoBaseClass" name="@AfterSuite configAS" time="0.0">
    <ignored/>
  </testcase> <!-- @AfterSuite configAS -->
  <testcase classname="com.tms.genericutils.DemoBaseClass" name="@BeforeSuite configBS" time="0.0">
    <ignored/>
  </testcase> <!-- @BeforeSuite configBS -->
  <testcase classname="com.tms.genericutils.DemoBaseClass" name="@AfterSuite configAS" time="0.0">
    <ignored/>
  </testcase> <!-- @AfterSuite configAS -->
</testsuite> <!-- Test3 -->
