<?xml version="1.0" encoding="UTF-8"?>
<!-- Generated by org.testng.reporters.JUnitXMLReporter -->
<testsuite ignored="4" hostname="DESKTOP-KEFG07B" failures="0" tests="7" name="TestRunner2" time="50.408" errors="0" timestamp="2023-09-20T11:43:20 IST">
  <testcase classname="xmltestngpractice.BookTourPackageModel" name="bookTourPackage" time="0.004"/>
  <testcase classname="xmltestngpractice.BookTourPackageModel" name="cancelTourPackage" time="0.005"/>
  <testcase classname="xmltestngpractice.RaiseIssueModel" name="raiseIssue" time="0.014"/>
  <testcase classname="xmltestngpractice.RaiseIssueModel" name="resolveIssue" time="0.001"/>
  <testcase classname="xmltestngpractice.TourPackageModel" name="createTourPackage" time="0.002"/>
  <testcase classname="xmltestngpractice.TourPackageModel" name="deleteTourPackage" time="0.007"/>
  <testcase classname="xmltestngpractice.TourPackageModel" name="modifyTourPackage" time="0.002"/>
  <testcase classname="com.tms.genericutils.DemoBaseClass" name="@BeforeSuite configBS" time="0.0">
    <ignored/>
  </testcase> <!-- @BeforeSuite configBS -->
  <testcase classname="com.tms.genericutils.DemoBaseClass" name="@AfterSuite configAS" time="0.0">
    <ignored/>
  </testcase> <!-- @AfterSuite configAS -->
  <testcase classname="com.tms.genericutils.DemoBaseClass" name="@AfterSuite configAS" time="0.0">
    <ignored/>
  </testcase> <!-- @AfterSuite configAS -->
  <testcase classname="com.tms.genericutils.DemoBaseClass" name="@BeforeSuite configBS" time="0.0">
    <ignored/>
  </testcase> <!-- @BeforeSuite configBS -->
</testsuite> <!-- TestRunner2 -->
