<?xml version="1.0" encoding="UTF-8"?>
<!-- Generated by org.testng.reporters.JUnitXMLReporter -->
<testsuite ignored="4" hostname="DESKTOP-KEFG07B" failures="3" tests="7" name="Test" time="41.616" errors="0" timestamp="2023-09-21T16:27:39 IST">
  <testcase classname="xmltestngpractice.BookTourPackageModel" name="bookTourPackage" time="0.038">
    <failure type="java.lang.AssertionError" message="null">
      <![CDATA[java.lang.AssertionError: null
at xmltestngpractice.BookTourPackageModel.bookTourPackage(BookTourPackageModel.java:15)
at java.base/java.util.ArrayList.forEach(ArrayList.java:1511)
... Removed 27 stack frames]]>
    </failure>
  </testcase> <!-- bookTourPackage -->
  <testcase classname="xmltestngpractice.BookTourPackageModel" name="cancelTourPackage" time="0.003"/>
  <testcase classname="xmltestngpractice.RaiseIssueModel" name="raiseIssue" time="0.008">
    <failure type="java.lang.AssertionError" message="null">
      <![CDATA[java.lang.AssertionError: null
at xmltestngpractice.RaiseIssueModel.raiseIssue(RaiseIssueModel.java:16)
at java.base/java.util.ArrayList.forEach(ArrayList.java:1511)
... Removed 27 stack frames]]>
    </failure>
  </testcase> <!-- raiseIssue -->
  <testcase classname="xmltestngpractice.RaiseIssueModel" name="resolveIssue" time="0.005">
    <failure type="java.lang.AssertionError" message="null">
      <![CDATA[java.lang.AssertionError: null
at xmltestngpractice.RaiseIssueModel.resolveIssue(RaiseIssueModel.java:22)
at java.base/java.util.ArrayList.forEach(ArrayList.java:1511)
... Removed 27 stack frames]]>
    </failure>
  </testcase> <!-- resolveIssue -->
  <testcase classname="xmltestngpractice.TourPackageModel" name="createTourPackage" time="0.005"/>
  <testcase classname="xmltestngpractice.TourPackageModel" name="deleteTourPackage" time="0.002"/>
  <testcase classname="xmltestngpractice.TourPackageModel" name="modifyTourPackage" time="0.003"/>
  <testcase classname="com.tms.genericutils.DemoBaseClass" name="@BeforeSuite configBS" time="0.0">
    <ignored/>
  </testcase> <!-- @BeforeSuite configBS -->
  <testcase classname="com.tms.genericutils.DemoBaseClass" name="@AfterSuite configAS" time="0.0">
    <ignored/>
  </testcase> <!-- @AfterSuite configAS -->
  <testcase classname="com.tms.genericutils.DemoBaseClass" name="@BeforeSuite configBS" time="0.0">
    <ignored/>
  </testcase> <!-- @BeforeSuite configBS -->
  <testcase classname="com.tms.genericutils.DemoBaseClass" name="@AfterSuite configAS" time="0.0">
    <ignored/>
  </testcase> <!-- @AfterSuite configAS -->
</testsuite> <!-- Test -->
