<?xml version="1.0" encoding="UTF-8"?>
<!-- Generated by org.testng.reporters.JUnitXMLReporter -->
<testsuite ignored="0" hostname="DESKTOP-KEFG07B" failures="0" tests="7" name="Test" time="110.631" errors="0" timestamp="2023-09-12T10:02:13 IST">
  <testcase classname="com.tms_testng.SMOKE_PACKAGE_09_Test" name="smoke_Package_Test" time="8.713"/>
  <testcase classname="com.tms_testng.IT_Enquiry_03_Test" name="enquiry_03_Test" time="9.078"/>
  <testcase classname="com.tms_testng.Manage_Bookings_2_Test" name="manage_Bookings_Test" time="9.155"/>
  <testcase classname="com.tms_testng.TMS_AdminModel_ST_001_Test" name="tms_AdminModel_Test" time="31.214"/>
  <testcase classname="com.tms_testng.TMS_AdminModule_SmokeT_003_Test" name="tms_Admin_Model_Smoke_03_Test" time="9.794"/>
  <testcase classname="com.tms_testng.ST_03_Test" name="st_03_Test" time="25.735"/>
  <testcase classname="com.tms_testng.TMS_AdminModel_ST_006_Test" name="tms_Admin_Model_St_Test" time="16.856"/>
</testsuite> <!-- Test -->
