<?xml version="1.0" encoding="UTF-8"?>
<!-- Generated by org.testng.reporters.JUnitReportReporter -->
<testsuite hostname="DESKTOP-KEFG07B" failures="0" tests="3" name="com.baseclassscripts.IT_Enquiry_03_Test" time="85.493" errors="0" timestamp="2023-09-19T18:18:43 IST" skipped="0">
  <testcase classname="com.baseclassscripts.IT_Enquiry_03_Test" name="itEnquiryTest" time="11.957"/>
  <testcase classname="com.baseclassscripts.IT_Enquiry_03_Test" name="itEnquiryTest" time="58.742"/>
  <testcase classname="com.baseclassscripts.IT_Enquiry_03_Test" name="itEnquiryTest" time="14.794"/>
</testsuite> <!-- com.baseclassscripts.IT_Enquiry_03_Test -->
